<?xml version="1.0" encoding="UTF-8"?>
<!-- Generated by org.testng.reporters.JUnitXMLReporter -->
<testsuite ignored="1" hostname="LAPTOP-MVG9S9M8" failures="2" tests="2" name="WebTests" time="0.184" errors="0" timestamp="2023-11-09T10:06:57 WIB">
  <testcase classname="com.example.TestNG" name="Test1" time="0.038">
    <failure type="java.lang.NullPointerException" message="Cannot invoke &amp;quot;com.aventstack.extentreports.ExtentReports.createTest(String)&amp;quot; because &amp;quot;this.extent&amp;quot; is null">
      <![CDATA[java.lang.NullPointerException: Cannot invoke "com.aventstack.extentreports.ExtentReports.createTest(String)" because "this.extent" is null
at com.example.TestNG.Test1(TestNG.java:33)
at java.base/java.util.ArrayList.forEach(ArrayList.java:1511)
at com.example.TestRunner.main(TestRunner.java:15)
... Removed 22 stack frames]]>
    </failure>
  </testcase> <!-- Test1 -->
  <testcase classname="com.example.TestNG" name="Test2" time="0.001">
    <failure type="java.lang.NullPointerException" message="Cannot invoke &amp;quot;com.aventstack.extentreports.ExtentReports.createTest(String)&amp;quot; because &amp;quot;this.extent&amp;quot; is null">
      <![CDATA[java.lang.NullPointerException: Cannot invoke "com.aventstack.extentreports.ExtentReports.createTest(String)" because "this.extent" is null
at com.example.TestNG.Test2(TestNG.java:49)
at java.base/java.util.ArrayList.forEach(ArrayList.java:1511)
at com.example.TestRunner.main(TestRunner.java:15)
... Removed 22 stack frames]]>
    </failure>
  </testcase> <!-- Test2 -->
  <testcase classname="com.example.TestNG" name="Test3" time="0.0">
    <ignored/>
  </testcase> <!-- Test3 -->
</testsuite> <!-- WebTests -->
