<?xml version="1.0" encoding="UTF-8"?>
<testng-results ignored="0" total="1" passed="1" failed="0" skipped="0">
  <reporter-output>
  </reporter-output>
  <suite started-at="2023-11-11T21:51:31 WIB" name="MyTestSuite" finished-at="2023-11-11T21:51:54 WIB" duration-ms="22998">
    <groups>
      <group name="smoke">
        <method signature="TestExcel.testmethod4()[pri:0, instance:com.example.TestExcel@dbd940d]" name="testmethod4" class="com.example.TestExcel"/>
      </group> <!-- smoke -->
    </groups>
    <test started-at="2023-11-11T21:51:31 WIB" name="MyTest" finished-at="2023-11-11T21:51:54 WIB" duration-ms="22998">
      <class name="com.example.TestExcel">
        <test-method is-config="true" signature="setUp()[pri:0, instance:com.example.TestExcel@dbd940d]" started-at="2023-11-11T21:51:31 WIB" name="setUp" finished-at="2023-11-11T21:51:36 WIB" duration-ms="4708" status="PASS">
          <reporter-output>
          </reporter-output>
        </test-method> <!-- setUp -->
        <test-method signature="testmethod4()[pri:0, instance:com.example.TestExcel@dbd940d]" started-at="2023-11-11T21:51:36 WIB" name="testmethod4" finished-at="2023-11-11T21:51:54 WIB" duration-ms="17731" status="PASS">
          <reporter-output>
          </reporter-output>
        </test-method> <!-- testmethod4 -->
        <test-method is-config="true" signature="testMethod5()[pri:0, instance:com.example.TestExcel@dbd940d]" started-at="2023-11-11T21:51:54 WIB" name="testMethod5" finished-at="2023-11-11T21:51:54 WIB" duration-ms="506" status="PASS">
          <reporter-output>
          </reporter-output>
        </test-method> <!-- testMethod5 -->
      </class> <!-- com.example.TestExcel -->
    </test> <!-- MyTest -->
  </suite> <!-- MyTestSuite -->
</testng-results>
